have_header: checking for pcap.h... -------------------- yes

"gcc -E -I. -I/opt/local/lib/ruby/1.8/i686-darwin8.8.3 -I/Users/pumpkin/Desktop/baflle/capture -O -pipe -I/opt/local/include -O -pipe -I/opt/local/include  -fno-common -pipe -fno-common  conftest.c -o conftest.i"
checked program was:
/* begin */
1: #include <pcap.h>
/* end */

--------------------

have_library: checking for pcap_open_live() in -lpcap... -------------------- yes

"gcc -o conftest -I. -I/opt/local/lib/ruby/1.8/i686-darwin8.8.3 -I/Users/pumpkin/Desktop/baflle/capture -O -pipe -I/opt/local/include -O -pipe -I/opt/local/include  -fno-common -pipe -fno-common conftest.c  -L"/opt/local/lib" -L/opt/local/lib     -lruby-static -lpcap  -lpthread -ldl -lobjc  "
checked program was:
/* begin */
1: /*top*/
2: int main() { return 0; }
3: int t() { pcap_open_live(); return 0; }
/* end */

--------------------

have_library: checking for pcap_compile_nopcap() in -lpcap... -------------------- yes

"gcc -o conftest -I. -I/opt/local/lib/ruby/1.8/i686-darwin8.8.3 -I/Users/pumpkin/Desktop/baflle/capture -O -pipe -I/opt/local/include -O -pipe -I/opt/local/include  -fno-common -pipe -fno-common conftest.c  -L"/opt/local/lib" -L/opt/local/lib    -lpcap  -lruby-static -lpcap -lpcap  -lpthread -ldl -lobjc  "
checked program was:
/* begin */
1: /*top*/
2: int main() { return 0; }
3: int t() { pcap_compile_nopcap(); return 0; }
/* end */

--------------------

have_library: checking for pcap_snapshot() in -lpcap... -------------------- yes

"gcc -o conftest -I. -I/opt/local/lib/ruby/1.8/i686-darwin8.8.3 -I/Users/pumpkin/Desktop/baflle/capture -O -pipe -I/opt/local/include -O -pipe -I/opt/local/include  -fno-common -pipe -fno-common conftest.c  -L"/opt/local/lib" -L/opt/local/lib    -lpcap -lpcap  -lruby-static -lpcap -lpcap -lpcap  -lpthread -ldl -lobjc  "
checked program was:
/* begin */
1: /*top*/
2: int main() { return 0; }
3: int t() { pcap_snapshot(); return 0; }
/* end */

--------------------

